<?xml version="1.0" encoding="UTF-8"?>
<testsuite xmlns:xsi="http://www.w3.org/2001/XMLSchema-instance" xsi:noNamespaceSchemaLocation="https://maven.apache.org/surefire/maven-surefire-plugin/xsd/surefire-test-report.xsd" name="com.example.toyrobot.RobotServiceTests" time="0" tests="6" errors="0" skipped="0" failures="0">
  <properties>
[...]
</properties>
  <testcase name="testMove" classname="com.example.toyrobot.RobotServiceTests" time="0"/>
  <testcase name="testLeftRotation" classname="com.example.toyrobot.RobotServiceTests" time="0"/>
  <testcase name="testInvalidPlaceOutsideGrid" classname="com.example.toyrobot.RobotServiceTests" time="0"/>
  <testcase name="testMoveOffTable" classname="com.example.toyrobot.RobotServiceTests" time="0"/>
  <testcase name="testPlaceValidPosition" classname="com.example.toyrobot.RobotServiceTests" time="0"/>
  <testcase name="testRightRotation" classname="com.example.toyrobot.RobotServiceTests" time="0"/>
</testsuite>